acc: 32.0,  loss: 0.03984406217932701
acc: 32.0,  loss: 0.009013674221932888
acc: 32.0,  loss: 0.03754166141152382
acc: 31.0,  loss: 0.1443924754858017
acc: 30.5,  loss: 0.10594566911458969
acc: 30.5,  loss: 0.18620148301124573
acc: 31.5,  loss: 0.04808848351240158
acc: 31.5,  loss: 0.04826292023062706
acc: 32.0,  loss: 0.02963021583855152
acc: 31.0,  loss: 0.04174567386507988
acc: 31.5,  loss: 0.04702264070510864
acc: 31.5,  loss: 0.06648913025856018
acc: 31.0,  loss: 0.08074027299880981
acc: 31.0,  loss: 0.06516344100236893
acc: 31.5,  loss: 0.026166416704654694
acc: 31.5,  loss: 0.06710692495107651
acc: 32.0,  loss: 0.0347667895257473
acc: 31.0,  loss: 0.13949018716812134
acc: 32.0,  loss: 0.033974770456552505
acc: 31.0,  loss: 0.0735582560300827
acc: 30.5,  loss: 0.1175529882311821
acc: 32.0,  loss: 0.015189163386821747
acc: 31.0,  loss: 0.050001125782728195
acc: 31.5,  loss: 0.06516722589731216
acc: 32.0,  loss: 0.02425665780901909
acc: 31.5,  loss: 0.030998140573501587
acc: 30.5,  loss: 0.09555577486753464
acc: 32.0,  loss: 0.04682661592960358
acc: 31.5,  loss: 0.03953197970986366
acc: 30.5,  loss: 0.09619316458702087
acc: 32.0,  loss: 0.005423002410680056
acc: 32.0,  loss: 0.03715335577726364
acc: 31.0,  loss: 0.04311300814151764
acc: 31.0,  loss: 0.05193987488746643
acc: 31.0,  loss: 0.1353253722190857
acc: 31.5,  loss: 0.05541197955608368
acc: 31.5,  loss: 0.04204300045967102
acc: 31.5,  loss: 0.09497234970331192
acc: 31.5,  loss: 0.0543697364628315
acc: 31.5,  loss: 0.04366054758429527
acc: 31.0,  loss: 0.054137084633111954
acc: 30.5,  loss: 0.18564210832118988
acc: 32.0,  loss: 0.0541343092918396
acc: 32.0,  loss: 0.011616501957178116
acc: 31.5,  loss: 0.07391111552715302
acc: 31.0,  loss: 0.09633602201938629
acc: 32.0,  loss: 0.01920337602496147
acc: 31.5,  loss: 0.04123859480023384
acc: 31.5,  loss: 0.045714378356933594
acc: 31.5,  loss: 0.031911011785268784
acc: 32.0,  loss: 0.01816534996032715
acc: 32.0,  loss: 0.020906886085867882
acc: 32.0,  loss: 0.0177043154835701
acc: 31.0,  loss: 0.0569361187517643
acc: 32.0,  loss: 0.008115837350487709
acc: 31.5,  loss: 0.0517798587679863
acc: 32.0,  loss: 0.014613224193453789
acc: 31.5,  loss: 0.05132671073079109
acc: 32.0,  loss: 0.03277834877371788
acc: 31.5,  loss: 0.038372378796339035
acc: 32.0,  loss: 0.02366236038506031
acc: 30.5,  loss: 0.1520526260137558
acc: 32.0,  loss: 0.014401979744434357
acc: 31.5,  loss: 0.059376806020736694
acc: 31.5,  loss: 0.06493886560201645
acc: 32.0,  loss: 0.026535501703619957
acc: 32.0,  loss: 0.030903145670890808
acc: 31.5,  loss: 0.05012105405330658
acc: 29.0,  loss: 0.16736136376857758
acc: 31.5,  loss: 0.036407746374607086
acc: 32.0,  loss: 0.014285518787801266
acc: 31.5,  loss: 0.10173992812633514
acc: 32.0,  loss: 0.05813789740204811
acc: 31.5,  loss: 0.0369613915681839
acc: 31.0,  loss: 0.070588618516922
acc: 32.0,  loss: 0.018813513219356537
acc: 32.0,  loss: 0.014811642467975616
acc: 31.0,  loss: 0.06983689963817596
acc: 32.0,  loss: 0.0657600685954094
acc: 30.5,  loss: 0.21554093062877655
acc: 32.0,  loss: 0.020637663081288338
acc: 31.5,  loss: 0.05149242654442787
acc: 31.5,  loss: 0.09306211024522781
acc: 31.5,  loss: 0.0941966325044632
acc: 32.0,  loss: 0.015458505600690842
acc: 30.5,  loss: 0.07310833781957626
acc: 31.0,  loss: 0.06381816416978836
acc: 32.0,  loss: 0.009221513755619526
acc: 32.0,  loss: 0.03226727247238159
acc: 31.0,  loss: 0.08817870914936066
acc: 32.0,  loss: 0.023982953280210495
acc: 31.5,  loss: 0.028974460437893867
acc: 31.5,  loss: 0.09507905691862106
acc: 32.0,  loss: 0.03363053500652313
acc: 31.5,  loss: 0.037863776087760925
acc: 30.5,  loss: 0.17090757191181183
acc: 30.5,  loss: 0.09718196094036102
acc: 30.5,  loss: 0.13210482895374298
acc: 31.5,  loss: 0.02300054393708706
acc: 31.5,  loss: 0.04800111800432205
acc: 31.5,  loss: 0.030889619141817093
acc: 31.0,  loss: 0.15435278415679932
acc: 32.0,  loss: 0.009806124493479729
acc: 31.0,  loss: 0.06702940165996552
acc: 31.5,  loss: 0.055874522775411606
acc: 31.0,  loss: 0.07457385212182999
acc: 31.0,  loss: 0.0748862698674202
acc: 32.0,  loss: 0.023028172552585602
acc: 32.0,  loss: 0.025200411677360535
acc: 30.5,  loss: 0.09432867914438248
acc: 31.5,  loss: 0.06745383143424988
acc: 31.0,  loss: 0.08050227165222168
acc: 32.0,  loss: 0.040275849401950836
acc: 31.5,  loss: 0.04695853590965271
acc: 32.0,  loss: 0.017803115770220757
acc: 31.0,  loss: 0.0374537855386734
acc: 30.5,  loss: 0.09246961772441864
acc: 32.0,  loss: 0.02536984533071518
acc: 32.0,  loss: 0.02079595811665058
acc: 30.5,  loss: 0.0996667817234993
acc: 31.0,  loss: 0.1664309948682785
acc: 31.5,  loss: 0.07379863411188126
acc: 31.0,  loss: 0.09548777341842651
acc: 31.5,  loss: 0.045770302414894104
acc: 31.0,  loss: 0.07836628705263138
acc: 31.0,  loss: 0.14517542719841003
acc: 31.5,  loss: 0.09444037824869156
acc: 31.5,  loss: 0.06390074640512466
acc: 31.0,  loss: 0.10399046540260315
acc: 31.5,  loss: 0.030336003750562668
acc: 32.0,  loss: 0.019954761490225792
acc: 32.0,  loss: 0.02551186829805374
acc: 32.0,  loss: 0.006873979698866606
acc: 31.5,  loss: 0.05528412014245987
acc: 31.0,  loss: 0.039701882749795914
acc: 30.5,  loss: 0.09483256936073303
acc: 31.0,  loss: 0.09075228124856949
acc: 31.5,  loss: 0.04745955020189285
acc: 30.5,  loss: 0.0871550515294075
acc: 31.5,  loss: 0.05632071569561958
acc: 31.5,  loss: 0.0598444901406765
acc: 32.0,  loss: 0.02040722779929638
acc: 31.0,  loss: 0.08144806325435638
acc: 30.5,  loss: 0.07838334888219833
acc: 29.5,  loss: 0.20746131241321564
acc: 31.5,  loss: 0.14193661510944366
acc: 29.5,  loss: 0.14839492738246918
acc: 31.0,  loss: 0.10003060102462769
acc: 32.0,  loss: 0.018772706389427185
acc: 31.5,  loss: 0.07284946739673615
acc: 31.0,  loss: 0.0686357170343399
acc: 32.0,  loss: 0.029070161283016205
acc: 31.0,  loss: 0.09139493107795715
acc: 30.5,  loss: 0.09212296456098557
acc: 30.5,  loss: 0.1406804770231247
acc: 32.0,  loss: 0.050492096692323685
acc: 32.0,  loss: 0.004020198713988066
acc: 31.5,  loss: 0.059481181204319
acc: 31.0,  loss: 0.06936299800872803
acc: 31.0,  loss: 0.08897969871759415
acc: 32.0,  loss: 0.012756915763020515
acc: 31.0,  loss: 0.07915273308753967
acc: 31.0,  loss: 0.08304636925458908
acc: 31.0,  loss: 0.08542697131633759
acc: 31.5,  loss: 0.04169294983148575
acc: 31.5,  loss: 0.04737677797675133
acc: 32.0,  loss: 0.010535172186791897
acc: 32.0,  loss: 0.009228129871189594
acc: 30.5,  loss: 0.09451228380203247
acc: 31.5,  loss: 0.04826454445719719
acc: 31.5,  loss: 0.05961260199546814
acc: 32.0,  loss: 0.033458907157182693
acc: 32.0,  loss: 0.022587105631828308
acc: 31.0,  loss: 0.12646269798278809
acc: 31.5,  loss: 0.059808291494846344
acc: 31.0,  loss: 0.03824344649910927
acc: 31.5,  loss: 0.0400230847299099
acc: 30.0,  loss: 0.1351180225610733
acc: 30.5,  loss: 0.2321135252714157
acc: 31.5,  loss: 0.05726604536175728
acc: 31.5,  loss: 0.06805828213691711
acc: 30.5,  loss: 0.18141144514083862
acc: 31.5,  loss: 0.04856584966182709
acc: 32.0,  loss: 0.0225343257188797
acc: 31.5,  loss: 0.05841521546244621
acc: 32.0,  loss: 0.032921962440013885
acc: 30.5,  loss: 0.13179537653923035
acc: 31.5,  loss: 0.04077927768230438
acc: 30.5,  loss: 0.0713680237531662
acc: 31.5,  loss: 0.047548212110996246
acc: 31.5,  loss: 0.02681146375834942
acc: 31.5,  loss: 0.07429515570402145
acc: 31.5,  loss: 0.042805496603250504
acc: 31.0,  loss: 0.06362779438495636
acc: 32.0,  loss: 0.009916635230183601
acc: 31.0,  loss: 0.06981506943702698
acc: 30.5,  loss: 0.07845507562160492
acc: 29.5,  loss: 0.23129123449325562
acc: 31.0,  loss: 0.10939259827136993
acc: 32.0,  loss: 0.07260039448738098
acc: 30.5,  loss: 0.10525678098201752
acc: 30.0,  loss: 0.08442579954862595
acc: 32.0,  loss: 0.024820653721690178
acc: 31.5,  loss: 0.02600269392132759
acc: 31.5,  loss: 0.046399831771850586
acc: 31.0,  loss: 0.07855446636676788
acc: 32.0,  loss: 0.009038801304996014
acc: 32.0,  loss: 0.028333336114883423
acc: 31.5,  loss: 0.0386631153523922
acc: 31.5,  loss: 0.07776479423046112
acc: 32.0,  loss: 0.027262775227427483
acc: 32.0,  loss: 0.010583017952740192
acc: 31.5,  loss: 0.02325105294585228
acc: 31.5,  loss: 0.053953755646944046
acc: 31.0,  loss: 0.0544644296169281
acc: 31.0,  loss: 0.09664752334356308
acc: 31.0,  loss: 0.05989811569452286
acc: 32.0,  loss: 0.023584067821502686
acc: 32.0,  loss: 0.023374931886792183
acc: 29.5,  loss: 0.15307630598545074
acc: 31.5,  loss: 0.057918716222047806
acc: 31.5,  loss: 0.04702332243323326
acc: 32.0,  loss: 0.02359195612370968
acc: 31.0,  loss: 0.09505830705165863
acc: 30.0,  loss: 0.12184076756238937
acc: 31.0,  loss: 0.08616320788860321
acc: 30.5,  loss: 0.13934433460235596
acc: 30.0,  loss: 0.15487642586231232
acc: 32.0,  loss: 0.008189242333173752
acc: 31.0,  loss: 0.10628204047679901
acc: 32.0,  loss: 0.019173743203282356
acc: 31.0,  loss: 0.1203790083527565
acc: 31.0,  loss: 0.06650753319263458
acc: 30.0,  loss: 0.16536536812782288
acc: 31.0,  loss: 0.19673272967338562
acc: 30.5,  loss: 0.1304389387369156
acc: 31.0,  loss: 0.06567968428134918
acc: 31.5,  loss: 0.06285429745912552
acc: 31.0,  loss: 0.08934486657381058
acc: 30.5,  loss: 0.08811982721090317
acc: 30.5,  loss: 0.10541386157274246
acc: 32.0,  loss: 0.03041846677660942
acc: 32.0,  loss: 0.03333098441362381
acc: 31.5,  loss: 0.07726951688528061
acc: 31.5,  loss: 0.07787391543388367
acc: 32.0,  loss: 0.02302159182727337
acc: 31.5,  loss: 0.03648298233747482
acc: 30.5,  loss: 0.13788142800331116
acc: 31.5,  loss: 0.04023781418800354
acc: 31.0,  loss: 0.1507488340139389
acc: 30.0,  loss: 0.18404588103294373
acc: 31.5,  loss: 0.06378229707479477
acc: 31.5,  loss: 0.04842766374349594
acc: 31.5,  loss: 0.06980101019144058
acc: 31.0,  loss: 0.10944278538227081
acc: 31.5,  loss: 0.04316701740026474
acc: 30.0,  loss: 0.13445602357387543
acc: 31.0,  loss: 0.05240045487880707
acc: 31.5,  loss: 0.04276595264673233
acc: 31.0,  loss: 0.06226669251918793
acc: 31.5,  loss: 0.04450605809688568
acc: 32.0,  loss: 0.03265444561839104
acc: 31.5,  loss: 0.04066300019621849
acc: 31.5,  loss: 0.0941905528306961
acc: 31.0,  loss: 0.1278224140405655
acc: 32.0,  loss: 0.017832428216934204
acc: 31.5,  loss: 0.08587084710597992
acc: 31.5,  loss: 0.08269727975130081
acc: 31.0,  loss: 0.06446392834186554
acc: 32.0,  loss: 0.004423567093908787
acc: 31.0,  loss: 0.1216367855668068
acc: 31.0,  loss: 0.18660712242126465
acc: 31.5,  loss: 0.0281464084982872
acc: 31.5,  loss: 0.03566785901784897
acc: 32.0,  loss: 0.058225758373737335
acc: 31.5,  loss: 0.025641538202762604
acc: 31.5,  loss: 0.04483092948794365
acc: 32.0,  loss: 0.022946834564208984
acc: 32.0,  loss: 0.028255868703126907
acc: 31.0,  loss: 0.046934906393289566
acc: 31.0,  loss: 0.06703101843595505
acc: 31.0,  loss: 0.07544179260730743
acc: 31.5,  loss: 0.04651455953717232
acc: 31.0,  loss: 0.05065174028277397
acc: 32.0,  loss: 0.012343323789536953
acc: 31.5,  loss: 0.04330384358763695
acc: 32.0,  loss: 0.022458983585238457
acc: 31.5,  loss: 0.044534116983413696
acc: 31.5,  loss: 0.04999108612537384
acc: 30.5,  loss: 0.07117213308811188
acc: 31.0,  loss: 0.12433383613824844
acc: 30.5,  loss: 0.10022144019603729
acc: 31.0,  loss: 0.0750718042254448
acc: 30.5,  loss: 0.06743524968624115
acc: 31.5,  loss: 0.06250111758708954
acc: 32.0,  loss: 0.013899918645620346
acc: 31.5,  loss: 0.0639536902308464
acc: 32.0,  loss: 0.014830236323177814
acc: 31.5,  loss: 0.09061267226934433
acc: 31.5,  loss: 0.07397367060184479
acc: 30.0,  loss: 0.13656672835350037
acc: 32.0,  loss: 0.02430291846394539
acc: 31.5,  loss: 0.02996852621436119
acc: 31.5,  loss: 0.051653798669576645
acc: 31.0,  loss: 0.0844869464635849
acc: 32.0,  loss: 0.014429784379899502
acc: 31.5,  loss: 0.09714110940694809
acc: 30.5,  loss: 0.13951963186264038
acc: 32.0,  loss: 0.01958242617547512
acc: 31.0,  loss: 0.06153368949890137
acc: 31.5,  loss: 0.04106844216585159
acc: 31.0,  loss: 0.12173011153936386
acc: 31.5,  loss: 0.09044403582811356
acc: 32.0,  loss: 0.025304608047008514
acc: 31.0,  loss: 0.14510658383369446
acc: 31.5,  loss: 0.11895904690027237
acc: 32.0,  loss: 0.033664703369140625
acc: 30.0,  loss: 0.13694797456264496
acc: 31.5,  loss: 0.03734167292714119
acc: 31.0,  loss: 0.06868099421262741
acc: 31.5,  loss: 0.04151754453778267
acc: 31.5,  loss: 0.03192797675728798
acc: 32.0,  loss: 0.0168700460344553
acc: 31.5,  loss: 0.03504772111773491
acc: 31.5,  loss: 0.037285126745700836
acc: 32.0,  loss: 0.02654971182346344
acc: 31.5,  loss: 0.10215826332569122
acc: 31.0,  loss: 0.08028876781463623
acc: 32.0,  loss: 0.01873176172375679
acc: 30.5,  loss: 0.08251948654651642
acc: 32.0,  loss: 0.0291215218603611
acc: 31.0,  loss: 0.07592827826738358
acc: 31.5,  loss: 0.03019114024937153
acc: 31.0,  loss: 0.13826051354408264
acc: 31.5,  loss: 0.0431685708463192
acc: 32.0,  loss: 0.00825913529843092
acc: 30.5,  loss: 0.11519026011228561
acc: 31.5,  loss: 0.03263450041413307
acc: 31.5,  loss: 0.06402678787708282
acc: 32.0,  loss: 0.02338384836912155
acc: 31.5,  loss: 0.021132370457053185
acc: 31.0,  loss: 0.11162608861923218
acc: 31.0,  loss: 0.08839324861764908
acc: 32.0,  loss: 0.029980795457959175
acc: 30.5,  loss: 0.14382705092430115
acc: 31.5,  loss: 0.03670061007142067
acc: 31.5,  loss: 0.03945717215538025
acc: 31.5,  loss: 0.04704900458455086
acc: 31.5,  loss: 0.07167728990316391
acc: 31.5,  loss: 0.04202248901128769
acc: 31.0,  loss: 0.10391945391893387
acc: 31.5,  loss: 0.07417474687099457
acc: 31.5,  loss: 0.16707292199134827
acc: 32.0,  loss: 0.014695657417178154
acc: 32.0,  loss: 0.04420487955212593
acc: 31.5,  loss: 0.05261992663145065
acc: 32.0,  loss: 0.01399813313037157
acc: 30.5,  loss: 0.18672731518745422
acc: 30.0,  loss: 0.1377052217721939
acc: 31.5,  loss: 0.051426563411951065
acc: 31.0,  loss: 0.1384085863828659
acc: 32.0,  loss: 0.021877650171518326
acc: 31.5,  loss: 0.04464177414774895
acc: 32.0,  loss: 0.00855596736073494
acc: 31.5,  loss: 0.065261110663414
acc: 32.0,  loss: 0.029908908531069756
acc: 31.0,  loss: 0.06498713046312332
acc: 31.0,  loss: 0.13536186516284943
acc: 31.5,  loss: 0.02960401400923729
acc: 30.0,  loss: 0.1621326208114624
acc: 30.0,  loss: 0.09325556457042694
acc: 31.0,  loss: 0.056841202080249786
acc: 31.0,  loss: 0.07291874289512634
acc: 31.5,  loss: 0.03963248431682587
acc: 31.5,  loss: 0.06027432903647423
acc: 31.5,  loss: 0.047071054577827454
acc: 31.5,  loss: 0.06703656166791916
acc: 30.5,  loss: 0.11232014000415802
acc: 32.0,  loss: 0.025333456695079803
acc: 31.0,  loss: 0.08310067653656006
acc: 31.0,  loss: 0.08793573826551437
acc: 31.5,  loss: 0.04206743836402893
acc: 31.5,  loss: 0.06204470992088318
acc: 32.0,  loss: 0.01339109055697918
acc: 31.5,  loss: 0.04400225728750229
acc: 30.5,  loss: 0.113094761967659
acc: 30.5,  loss: 0.13998804986476898
acc: 31.5,  loss: 0.09029065072536469
acc: 31.5,  loss: 0.10462822765111923
acc: 31.5,  loss: 0.047196585685014725
acc: 31.5,  loss: 0.03396192565560341
acc: 31.5,  loss: 0.06910835206508636
acc: 30.0,  loss: 0.24095001816749573
acc: 32.0,  loss: 0.003184876637533307
acc: 31.0,  loss: 0.052358850836753845
acc: 31.0,  loss: 0.11135421693325043
acc: 30.5,  loss: 0.09048618376255035
acc: 31.0,  loss: 0.0798552855849266
acc: 32.0,  loss: 0.03399290516972542
acc: 32.0,  loss: 0.006304124835878611
acc: 32.0,  loss: 0.03769497573375702
acc: 31.5,  loss: 0.05381026118993759
acc: 31.5,  loss: 0.05861743539571762
acc: 30.5,  loss: 0.08731895685195923
acc: 32.0,  loss: 0.01153470017015934
acc: 32.0,  loss: 0.0379391610622406
acc: 32.0,  loss: 0.009831325151026249
acc: 31.5,  loss: 0.14992494881153107
acc: 31.5,  loss: 0.09541744738817215
acc: 31.5,  loss: 0.028071872889995575
acc: 30.5,  loss: 0.12400050461292267
acc: 31.5,  loss: 0.05654335394501686
acc: 31.5,  loss: 0.038314417004585266
acc: 30.5,  loss: 0.09124685823917389
acc: 31.5,  loss: 0.051980480551719666
acc: 31.0,  loss: 0.07345981150865555
acc: 31.0,  loss: 0.053410254418849945
acc: 31.5,  loss: 0.0635925680398941
acc: 31.0,  loss: 0.07590725272893906
acc: 31.0,  loss: 0.08921045809984207
acc: 31.5,  loss: 0.02277330309152603
acc: 32.0,  loss: 0.028945062309503555
acc: 31.0,  loss: 0.10934899002313614
acc: 31.5,  loss: 0.0983562096953392
acc: 31.5,  loss: 0.033107608556747437
acc: 30.5,  loss: 0.09281562268733978
acc: 32.0,  loss: 0.02349422313272953
acc: 31.5,  loss: 0.08140502125024796
acc: 31.0,  loss: 0.07819478958845139
acc: 32.0,  loss: 0.04032076150178909
acc: 32.0,  loss: 0.03277774900197983
acc: 29.5,  loss: 0.23871400952339172
acc: 32.0,  loss: 0.0209248885512352
acc: 32.0,  loss: 0.02298866957426071
acc: 30.5,  loss: 0.09917695820331573
acc: 31.5,  loss: 0.06533575057983398
acc: 31.0,  loss: 0.11610320955514908
acc: 30.0,  loss: 0.1727902889251709
acc: 31.0,  loss: 0.12108445912599564
